<?xml version="1.0" encoding="UTF-8"?>
<!-- Generated by org.testng.reporters.JUnitReportReporter -->
<testsuite skipped="0" hostname="MaxgenTesting" name="packproject.NewTest" tests="1" failures="0" timestamp="06 Feb 2019 11:01:45 GMT" time="11.899" errors="0">
  <testcase name="f" time="11.899" classname="packproject.NewTest"/>
</testsuite> <!-- packproject.NewTest -->
